MPASM  5.37                        DMX_RX.ASM   1-14-2012  21:15:44         PAGE  1


LOC  OBJECT CODE     LINE SOURCE TEXT
  VALUE

                      00001 ; File:  DMX512RecDemo.asm 
                      00002 ; DMX512 Receiver 
                      00003 ; This file uses a PIC18F2420 device to receive DMX-512 data and store it 
                      00004 ; into a 512 byte receive buffer.   
                      00005 ; For demonstration purposes, a selected data slot is written to the  
                      00006 ; CCP module.  The CCP module is configured in PWM mode and the received 
                      00007 ; data adjusts the duty cycle.  If a resistor and LED is connected to the 
                      00008 ; PWM output, the received DMX data can be visually observed.  
                      00009  
                      00010         list p=16f1827
                      00011         #include <P16F1827.inc>
                      00001         LIST
                      00002 
                      00003 ;==========================================================================
                      00004 ;  MPASM PIC16F1827 processor include
                      00005 ; 
                      00006 ;  (c) Copyright 1999-2010 Microchip Technology, All rights reserved
                      00007 ;==========================================================================
                      00008 
                      01304         LIST
                      00012 
                      00013 ;Configuration bits setup        
                      00014 
8007   C982           00015         __CONFIG    _CONFIG1, _FCMEN_OFF & _IESO_OFF & _CLKOUTEN_OFF & _BOREN_OFF & _CPD_OFF & _CP_OFF &
                             _MCLRE_OFF & _PWRTE_ON & _WDTE_OFF & _FOSC_HS
8008   DCFF           00016         __CONFIG    _CONFIG2, _LVP_OFF & _STVREN_OFF & _PLLEN_OFF & _WRT_OFF & _BORV_19
                      00017 
                      00018          
                      00019 ; Constants 
                      00020 #define CHANNEL .1            ; select the receiver slot/channel 
                      00021 
                      00022 #define ArrayP1 0x20
                      00023 #define ArrayP2 0x00+.3
                      00024  
                      00025 ; Variables 
                      00026         cblock h'20'
  00000020            00027             CountH                  ; 16-bit counter 
  00000021            00028         CountL 
                      00029 ;           RxBuffer: .512          ; 512 bytes buffer allocation 
  00000022            00030                 PWMR
  00000023            00031                 PWMG
  00000024            00032                 PWMB
  00000025            00033                 ColorOSC
  00000026            00034                 Color    
  00000027            00035                 CurRX
  00000028            00036                 counta
  00000029            00037                 countb
  0000002A            00038                 count1
                      00039         ENDC 
                      00040          
                      00041 ;****************************************************************************** 
0000                  00042         ORG     0x0 
                      00043  
MPASM  5.37                        DMX_RX.ASM   1-14-2012  21:15:44         PAGE  2


LOC  OBJECT CODE     LINE SOURCE TEXT
  VALUE

0000                  00044 Main 
0000   2052           00045         call    SetupSerial                     ;Setup Serial port and buffers 
                      00046  
0001                  00047 MainLoop 
                      00048          
                      00049 ; first loop, synchronizing with the transmitter 
0001                  00050 WaitBreak 
                      00051 ;       call    InitBlink
                      00052 
0001   0020           00053         banksel PIR1
0002   1E11           00054         btfss   PIR1,TXIF
0003   3203           00055         bra             SkipTX
                      00056 
0004   0023           00057         banksel TXREG
0005   3002           00058         movlw   b'00000010'
Message[302]: Register in operand not in bank 0.  Ensure that bank bits are correct.
0006   009A           00059         movwf   TXREG
                      00060 
0007                  00061 SkipTX
0007   0020           00062         banksel PIR1
0008   1E91           00063         btfss   PIR1,RCIF           ; if a byte is received incorrectly 
0009   2812           00064         goto    WBElse                          ; skip
                      00065 
000A                  00066 WBDisc
000A   0023           00067         banksel RCREG
Message[302]: Register in operand not in bank 0.  Ensure that bank bits are correct.
000B   0819           00068         movf    RCREG,W             ; if received correctly discard it 
000C   0020           00069         banksel CurRX
000D   00A7           00070         movwf   CurRX
                      00071 
000E   3000           00072         movlw   d'0'
Message[305]: Using default destination of 1 (file).
000F   06A7           00073         xorwf   CurRX
0010   1903           00074         btfsc   STATUS,Z        ; if 0
0011   2801           00075         goto    WaitBreak       
                      00076 
                      00077 
0012                  00078 WBElse
0012   0023           00079         banksel RCSTA
Message[302]: Register in operand not in bank 0.  Ensure that bank bits are correct.
0013   1D1D           00080         btfss   RCSTA,FERR                      ; test for frame error 
0014   33EC           00081         bra             WaitBreak           ; continue waiting until a frame error is detected 
Message[302]: Register in operand not in bank 0.  Ensure that bank bits are correct.
0015   0819           00082         movf    RCREG,W                         ; read the Receive buffer to clear the error condition 
                      00083  
                      00084 ; second loop, waiting for the START code 
0016                  00085 WaitForStart 
0016   0020           00086         banksel PIR1
0017   1E91           00087         btfss   PIR1,RCIF                       ; wait until a byte is correctly received 
0018   33FD           00088         bra             WaitForStart 
0019   0023           00089         banksel RCSTA
Message[302]: Register in operand not in bank 0.  Ensure that bank bits are correct.
001A   191D           00090         btfsc   RCSTA,FERR 
MPASM  5.37                        DMX_RX.ASM   1-14-2012  21:15:44         PAGE  3


LOC  OBJECT CODE     LINE SOURCE TEXT
  VALUE

001B   33FA           00091         bra             WaitForStart 
Message[302]: Register in operand not in bank 0.  Ensure that bank bits are correct.
001C   0819           00092         movf    RCREG,W  
                      00093  
                      00094 ; check for the START code value, if it is not 0, ignore the rest of the frame 
001D   39FF           00095     andlw   0xff 
001E   1D03           00096         btfss   STATUS,Z                        ; 
001F   33E1           00097     bra     MainLoop            ; ignore the rest of the frame if not zero  
                      00098  
                      00099 ; init receive counter and buffer pointer         
0020   0020           00100         banksel CountL
0021   01A1           00101     clrf    CountL 
0022   01A0           00102     clrf    CountH 
                      00103 ;    lfsr    0,RxBuffer 
                      00104  
                      00105 ; third loop, receiving 512 bytes of data 
0023                  00106 WaitForData 
0023   0023           00107         banksel RCSTA
Message[302]: Register in operand not in bank 0.  Ensure that bank bits are correct.
0024   191D           00108     btfsc   RCSTA,FERR          ; if a new framing error is detected (error or short frame) 
0025   322B           00109     bra     RXend               ; the rest of the frame is ignored and a new synchronization 
                      00110                                                         ; is attempted 
                      00111 
0026   0020           00112         banksel PIR1 
0027   1E91           00113         btfss   PIR1,RCIF                       ; wait until a byte is correctly received 
0028   33FA           00114         bra             WaitForData                     ; 
0029   0023           00115         banksel RCREG
Message[302]: Register in operand not in bank 0.  Ensure that bank bits are correct.
002A   0819           00116         movf    RCREG,W                         ;  
002B   0020           00117         banksel CurRX
002C   00A7           00118         movwf   CurRX                           ; store byte    
                      00119 
002D   1820           00120         btfsc   CountH,0                        ; if > 255
002E   284A           00121         goto    DoneApply                       ; skip
                      00122 
002F   3000           00123         movlw   d'0'
0030   0621           00124         xorwf   CountL,w
0031   1903           00125         btfsc   STATUS,Z                        ; if equal then 
0032   3209           00126         bra             ApplyPWMR
                      00127 
0033   3001           00128         movlw   d'1'
0034   0621           00129         xorwf   CountL,w
0035   1903           00130         btfsc   STATUS,Z                        ; if equal then 
0036   320A           00131         bra             ApplyPWMG
                      00132 
0037   3002           00133         movlw   d'2'
0038   0621           00134         xorwf   CountL,w
0039   1903           00135         btfsc   STATUS,Z                        ; if equal then 
003A   320B           00136         bra             ApplyPWMB
                      00137 
003B   320E           00138         bra             DoneApply
                      00139  
003C                  00140 ApplyPWMR 
MPASM  5.37                        DMX_RX.ASM   1-14-2012  21:15:44         PAGE  4


LOC  OBJECT CODE     LINE SOURCE TEXT
  VALUE

003C   0020           00141         banksel CurRX
003D   0827           00142         movf    CurRX,w                         ; collect byte
003E   0026           00143         banksel CCPR3L
Message[302]: Register in operand not in bank 0.  Ensure that bank bits are correct.
003F   0091           00144         movwf   CCPR3L                          ; Move CH1 to PWMR
0040   3209           00145         bra             DoneApply
                      00146 
0041                  00147 ApplyPWMG
0041   0020           00148         banksel CurRX
0042   0827           00149         movf    CurRX,w                         ; collect byte
0043   0026           00150         banksel CCPR4L
Message[302]: Register in operand not in bank 0.  Ensure that bank bits are correct.
0044   0098           00151         movwf   CCPR4L                          ; Move CH2 to PWMG
0045   3204           00152         bra             DoneApply
                      00153 
0046                  00154 ApplyPWMB
0046   0020           00155         banksel CurRX
0047   0827           00156         movf    CurRX,w                         ; collect byte
0048   0025           00157         banksel CCPR1L
Message[302]: Register in operand not in bank 0.  Ensure that bank bits are correct.
0049   0091           00158         movwf   CCPR1L                          ; Move CH3 to PWMB
                      00159         
004A                  00160 DoneApply       
004A   0020           00161         banksel CountL
                      00162 
                      00163 ;       movwf   POSTINC0                        ; move the received data to the buffer  
                      00164                                 ; (auto-incrementing pointer) 
004B   0AA1           00165         incf    CountL,F            ; increment 16-bit counter 
004C   1C03           00166         btfss   STATUS,C 
004D   33D5           00167         bra             WaitForData 
004E   0AA0           00168         incf    CountH,F 
                      00169  
004F   1CA0           00170         btfss   CountH,1            ; check if 512 bytes of data received 
0050   33D2           00171         bra             WaitForData 
                      00172  
                      00173  
                      00174 ;****************************************************************************** 
                      00175 ; when a complete frame is received  
                      00176 ; use the selected CHANNEL data to control the CCP2 module duty cycle  
                      00177  
0051                  00178 RXend 
                      00179 ;       lfsr    0,RxBuffer          ; use indirect pointer 0 to address the receiver buffer 
                      00180 ;GetData 
                      00181 ;       movlw   LOW(CHANNEL)       ; add the offset for the select channel 
                      00182 ;       addwf   FSR0L,F 
                      00183 ;       movlw   HIGH(CHANNEL) 
                      00184 ;       addwfc  FSR0H,F 
                      00185  
                      00186 ;       movff   INDF0,CCPR2L        ; retrieve the data and assign MSB to control PWM2 
                      00187  
0051   33AF           00188         bra             MainLoop                ; return to main loop  
                      00189  
                      00190  
MPASM  5.37                        DMX_RX.ASM   1-14-2012  21:15:44         PAGE  5


LOC  OBJECT CODE     LINE SOURCE TEXT
  VALUE

                      00191 ;****************************************************************************** 
                      00192 ; Setup Serial port and pins
0052                  00193 SetupSerial 
                      00194 
                      00195 ; initialize oscillator
0052   0021           00196         banksel OSCCON  
                      00197 
                      00198 ;                       movlw   b'01111010'
                      00199 ;                       movwf   OSCCON
                      00200 
Message[302]: Register in operand not in bank 0.  Ensure that bank bits are correct.
0053   0199           00201                         clrf    OSCCON                  ; use OSC from CONFIG1
                      00202 ;                       clrf    OSCTUNE                 ; factory OSC setting
0054   0027           00203         banksel CLKRCON
                      00204 ;                       clrf    CLKRCON                 ; ref clock disabled
                      00205                         
                      00206 ; set alternate pin configurations (16f1827)
                      00207 
0055   0022           00208         banksel APFCON0
Message[302]: Register in operand not in bank 0.  Ensure that bank bits are correct.
0056   179D           00209                         bsf             APFCON0,RXDTSEL         ; RX to RB2
                      00210 
0057   0022           00211         banksel APFCON1
Message[302]: Register in operand not in bank 0.  Ensure that bank bits are correct.
0058   141E           00212                         bsf             APFCON1,TXCKSEL         ; TXCKSEL (0=RB2, 1=RB5)
                      00213 
                      00214 ;---------------------------------------------------------------------------------
                      00215 ; initialize PORTA/PORTB
                      00216 ;---------------------------------------------------------------------------------
                      00217 
0059                  00218 PORT_Init       
0059   0020           00219         banksel PORTA
005A   018C           00220                         clrf    PORTA
005B   018D           00221                         clrf    PORTB
005C   0022           00222         banksel LATA                                    
Message[302]: Register in operand not in bank 0.  Ensure that bank bits are correct.
005D   018C           00223                         CLRF    LATA                    ; clear PORTA Data Latch
Message[302]: Register in operand not in bank 0.  Ensure that bank bits are correct.
005E   018D           00224                         CLRF    LATB                    ; clear PORTB Data Latch
                      00225 
005F   0021           00226         banksel TRISA
                      00227  
                      00228 
                      00229 ; RA0 = AN0
                      00230 ; RA1 = unused
                      00231 ; RA2 = unused
                      00232 ; RA3 = PWM output CCP3, RED, SET the pin to disable output driver for PWM
                      00233 ; RA4 = PWM output CCP4, GREEN, SET the pin to disable output driver for PWM
                      00234 ; RA5 = unused
                      00235 ; RA6 = output, oscillator out pin 1
                      00236 ; RA7 = output, oscillator in pin 2
                      00237 
0060   0021           00238         banksel TRISA
MPASM  5.37                        DMX_RX.ASM   1-14-2012  21:15:44         PAGE  6


LOC  OBJECT CODE     LINE SOURCE TEXT
  VALUE

                      00239 ;                       16f1827
0061   303F           00240                         movlw   b'00111111'
Message[302]: Register in operand not in bank 0.  Ensure that bank bits are correct.
0062   008C           00241                         movwf   TRISA
                      00242 
                      00243 ; RB0 = unused
                      00244 ; RB1 = unused
                      00245 ; RB2 = UART input, DMX RX
                      00246 ; RB3 = PWM output CCP1, BLUE, SET the pin to disable output driver for PWM
                      00247 ; RB4 = Set as INPUT to transmit.  Output pulled low creates break signal. 
                      00248 ; RB5 = UART output, DMX TX
                      00249 ; RB6 = unused
                      00250 ; RB7 = unused
                      00251 
                      00252 ;                       16f1827
0063   30DF           00253                         movlw   b'11011111'
Message[302]: Register in operand not in bank 0.  Ensure that bank bits are correct.
0064   008D           00254                         movwf   TRISB
                      00255  
                      00256 ; Setup EUSART 
                      00257 
0065                  00258 UART_Init                               
                      00259 
0065   0023           00260         banksel TXSTA                                   ; also RCSTA, BAUDCON, SPBRGx
                      00261 
Message[302]: Register in operand not in bank 0.  Ensure that bank bits are correct.
0066   179D           00262                         bsf             RCSTA,SPEN      ; doesn't matter, we're in asynch mode, but what
                            ever
                      00263 
Message[302]: Register in operand not in bank 0.  Ensure that bank bits are correct.
0067   171D           00264         bsf     RCSTA,RX9
Message[302]: Register in operand not in bank 0.  Ensure that bank bits are correct.
0068   171E           00265         bsf     TXSTA,TX9
Message[302]: Register in operand not in bank 0.  Ensure that bank bits are correct.
0069   141E           00266         bsf     TXSTA,TX9D
                      00267 
Message[302]: Register in operand not in bank 0.  Ensure that bank bits are correct.
006A   121E           00268                         bcf             TXSTA,SYNC              ; asynchronus mode (bit 4)              
Message[302]: Register in operand not in bank 0.  Ensure that bank bits are correct.
006B   169E           00269                         bsf     TXSTA,TXEN              ; enable Transmit (bit 5)
                      00270 
Message[302]: Register in operand not in bank 0.  Ensure that bank bits are correct.
006C   151E           00271                         bsf             TXSTA,BRGH              ; high speed baud rate (bit 2)
Message[302]: Register in operand not in bank 0.  Ensure that bank bits are correct.
006D   159F           00272                         bsf             BAUDCON,BRG16
                      00273 
Message[302]: Register in operand not in bank 0.  Ensure that bank bits are correct.
006E   019C           00274                         clrf    SPBRGH
006F   3013           00275                         movlw   d'19'                   ; 12mhz osc w/ high brgh
Message[302]: Register in operand not in bank 0.  Ensure that bank bits are correct.
0070   009B           00276                         movwf   SPBRGL                  ; init BRG 31250 bauds
                      00277 
Message[302]: Register in operand not in bank 0.  Ensure that bank bits are correct.
MPASM  5.37                        DMX_RX.ASM   1-14-2012  21:15:44         PAGE  7


LOC  OBJECT CODE     LINE SOURCE TEXT
  VALUE

0071   121D           00278                         bcf             RCSTA,CREN      ; clear CREN, reset RX
Message[302]: Register in operand not in bank 0.  Ensure that bank bits are correct.
0072   161D           00279                         bsf             RCSTA,CREN      ; continuous receive enabled, restart RX
                      00280 
                      00281 
                      00282 ; ********************************************************************
                      00283 
                      00284 ;       banksel TXSTA
                      00285 
                      00286 ;       bsf             BAUDCON,BRG16   ; select EUART 16-bit Asynchrnounou mode operation 
                      00287  
                      00288 ;       movlw   .19                         ; init baud rate generator for 250k baud (assume Fosc=20MHz)
                             
                      00289 ;       movwf   SPBRGL           
                      00290 ;       clrf    SPBRGH
                      00291 
                      00292 
                      00293 ;                         ,-------------- CSRC - Doesn't matter for async, sync: 1 = master, 0 = slave
                      00294 ;                         |,------------- TX9 - 1 = 9 bit tranmission, 0 = 8 bit
                      00295 ;                         ||,------------ TXEN - transmit enabled, 1 = enabled, 0 = disabled
                      00296 ;                         |||,----------- SYNC - 1 = synchronous mode, 0 = asynch
                      00297 ;                         ||||,---------- SENDB - 1 = Send sync on next tx, 0 = sync break completed
                      00298 ;                         |||||,--------- BRGH - High baud rate select bit, 1 = high speed, 0 = low
                      00299 ;                         ||||||,-------- TRMT - transmit shift register bit, 1 = TSR empty, 0 = full
                      00300 ;                         |||||||,------- TX9D - 9th bit of transmit data                       
                      00301 ;                         ||||||||
                      00302 ;       movlw   b'01100101'             ; enable TX, 9-bit mode, high speed mode, 9th bit =1 (2 stop)
                      00303 ;       movwf   TXSTA                     
                      00304 
                      00305 ;                         ,-------------- SPEN - serial port enable
                      00306 ;                         |,------------- RX9 - 9 bit receive, 1 = 9 bit, 0 = 8 bit
                      00307 ;                         ||,------------ SREN - Single receive.  Only matters in Sync mode as master.  
                      00308 ;                         |||,----------- CREN - Continuous receive enable. 1 = enable receiver, 0 = dis
                            ables.
                      00309 ;                         ||||,---------- ADDEN - address detection enable. 0 = disabled.  
                      00310 ;                         |||||,--------- FERR - Framing error bit.  1 = frame error received, 0 = none.
                      00311 ;                         ||||||,-------- OERR - 1 over error, (clear by clearing CREN).
                      00312 ;                         |||||||,------- RX9D - 9th bit of data received.                      
                      00313 ;                         |||||||| 
                      00314 ;       movlw   b'11010000'             ; enable serial port and reception 
                      00315 ;       movwf   RCSTA                    
                      00316  
                      00317 ;       bcf             RCSTA,CREN      ; clear CREN, reset RX
                      00318 ;       bsf             RCSTA,CREN      ; continuous receive enabled, restart RX
                      00319 
                      00320 ;**************************************************************
                      00321          
                      00322 ;Setup PWM module 
                      00323 
0073   0025           00324         banksel CCPTMRS
                      00325 ;                                         ,,_______ C4TSEL 00 = Timer2, 01 = Timer4, 10 = Timer 6
                      00326 ;                                         ||,,_____ C3TSEL 00 = Timer2, 01 = Timer4, 10 = Timer 6
                      00327 ;                                         ||||,,___ C2TSEL 00 = Timer2, 01 = Timer4, 10 = Timer 6
MPASM  5.37                        DMX_RX.ASM   1-14-2012  21:15:44         PAGE  8


LOC  OBJECT CODE     LINE SOURCE TEXT
  VALUE

                      00328 ;                                         ||||||,,_ C1TSEL 00 = Timer2, 01 = Timer4, 10 = Timer 6
0074   3055           00329                         movlw   b'01010101'
Message[302]: Register in operand not in bank 0.  Ensure that bank bits are correct.
0075   009E           00330                         movwf   CCPTMRS 
                      00331 
0076   0028           00332         banksel PR4
0077   30FF           00333                         movlw   d'255'          ; was 127 for ColorSynth (MIDI)
Message[302]: Register in operand not in bank 0.  Ensure that bank bits are correct.
0078   0096           00334                         movwf   PR4
                      00335 
0079   0025           00336         banksel CCP1CON
                      00337 ;                                         ,,_______ PxM - CCPxM = 11xx then 00 = single output, PxA modu
                            lated
                      00338 ;                                         ||,,_____ DCxB - PWM Duty Cycle least significant bits
                      00339 ;                                         ||||,,,,_ CCPxM - Mode select - 1100 = PWM, bits 0/1 are enhan
                            ced mode
007A   300C           00340                         movlw   b'00001100'
Message[302]: Register in operand not in bank 0.  Ensure that bank bits are correct.
007B   0093           00341                         movwf   CCP1CON
Message[302]: Register in operand not in bank 0.  Ensure that bank bits are correct.
007C   019A           00342                         clrf    CCP2CON
007D   0026           00343         banksel CCP3CON
007E   300C           00344                         movlw   b'00001100'
Message[302]: Register in operand not in bank 0.  Ensure that bank bits are correct.
007F   0093           00345                         movwf   CCP3CON
Message[302]: Register in operand not in bank 0.  Ensure that bank bits are correct.
0080   009A           00346                         movwf   CCP4CON
                      00347 
0081   0025           00348         banksel CCPR1L
Message[302]: Register in operand not in bank 0.  Ensure that bank bits are correct.
0082   0191           00349                         clrf    CCPR1L                  ; Set PWM off
0083   0026           00350         banksel CCPR3L
Message[302]: Register in operand not in bank 0.  Ensure that bank bits are correct.
0084   0191           00351                         clrf    CCPR3L                  ; Set PWM off
0085   0026           00352         banksel CCPR4L
Message[302]: Register in operand not in bank 0.  Ensure that bank bits are correct.
0086   0198           00353                         clrf    CCPR4L                  ; Set PWM off
                      00354  
                      00355 ; Init timers
                      00356 
0087                  00357 T4Init   ; LED hardware PWM timer
0087   0028           00358         banksel T4CON                                   
0088   3004           00359                         movlw   b'00000100'             ; Post scale 1:1, TMR4 ON, pre scale 1:1
Message[302]: Register in operand not in bank 0.  Ensure that bank bits are correct.
0089   0097           00360                         movwf   T4CON   
                      00361 
008A   0021           00362         banksel TRISA
Message[302]: Register in operand not in bank 0.  Ensure that bank bits are correct.
008B   118C           00363                         bcf             TRISA,3                 ; Set RB3 to output, turn on PWM RED
Message[302]: Register in operand not in bank 0.  Ensure that bank bits are correct.
008C   120C           00364                         bcf             TRISA,4                 ; Set RB3 to output, turn on PWM GREEN
Message[302]: Register in operand not in bank 0.  Ensure that bank bits are correct.
008D   118D           00365                         bcf             TRISB,3                 ; Set RB3 to output, turn on PWM BLUE
MPASM  5.37                        DMX_RX.ASM   1-14-2012  21:15:44         PAGE  9


LOC  OBJECT CODE     LINE SOURCE TEXT
  VALUE

                      00366 
008E   0008           00367         return 
                      00368 
                      00369 
                      00370 
                      00371 ; DELAYS
                      00372 
008F                  00373 delay   
008F   0020           00374                 banksel count1
0090   30FA           00375                 movlw   d'250'                  ;delay 83.3 ms (12 MHz clock)
0091   00AA           00376                 movwf   count1
0092   30C7           00377 d1              movlw   0xC7                    ;delay .3mS
0093   00A8           00378                 movwf   counta
0094   3001           00379                 movlw   0x01
0095   00A9           00380                 movwf   countb
                      00381 
                      00382 
0096                  00383 Delay_0
0096   0BA8           00384                 decfsz  counta, f
0097   2899           00385                 goto    $+2
0098   0BA9           00386                 decfsz  countb, f
0099   2896           00387                 goto    Delay_0
009A   0BAA           00388                 decfsz  count1  ,f
009B   2892           00389                 goto    d1
009C   3400           00390         retlw   0x00
                      00391 
                      00392 ; BLINKS
                      00393 
009D                  00394 InitBlink       
009D   0026           00395                         banksel CCPR3L
009E   307F           00396                         movlw   d'127'
Message[302]: Register in operand not in bank 0.  Ensure that bank bits are correct.
009F   0091           00397                         movwf   CCPR3L
00A0   208F           00398                         call    delay
00A1   208F           00399                         call    delay
00A2   208F           00400                         call    delay
00A3   0026           00401                         banksel CCPR3L
Message[302]: Register in operand not in bank 0.  Ensure that bank bits are correct.
00A4   0191           00402                         clrf    CCPR3L
00A5   307F           00403                         movlw   d'127'
00A6   0026           00404                         banksel CCPR4L
Message[302]: Register in operand not in bank 0.  Ensure that bank bits are correct.
00A7   0098           00405                         movwf   CCPR4L
00A8   208F           00406                         call    delay
00A9   208F           00407                         call    delay
00AA   208F           00408                         call    delay
00AB   0026           00409                         banksel CCPR4L
Message[302]: Register in operand not in bank 0.  Ensure that bank bits are correct.
00AC   0198           00410                         clrf    CCPR4L
00AD   307F           00411                         movlw   d'127'
00AE   0025           00412                         banksel CCPR1L
Message[302]: Register in operand not in bank 0.  Ensure that bank bits are correct.
00AF   0091           00413                         movwf   CCPR1L
MPASM  5.37                        DMX_RX.ASM   1-14-2012  21:15:44         PAGE 10


LOC  OBJECT CODE     LINE SOURCE TEXT
  VALUE

00B0   208F           00414                         call    delay
00B1   208F           00415                         call    delay
00B2   208F           00416                         call    delay
00B3   0025           00417                         banksel CCPR1L
Message[302]: Register in operand not in bank 0.  Ensure that bank bits are correct.
00B4   0191           00418                         clrf    CCPR1L
                      00419 
00B5   0026           00420                         banksel CCPR3L
00B6   307F           00421                         movlw   d'127'
Message[302]: Register in operand not in bank 0.  Ensure that bank bits are correct.
00B7   0091           00422                         movwf   CCPR3L
00B8   208F           00423                         call    delay
00B9   208F           00424                         call    delay
00BA   208F           00425                         call    delay
00BB   0026           00426                         banksel CCPR3L
Message[302]: Register in operand not in bank 0.  Ensure that bank bits are correct.
00BC   0191           00427                         clrf    CCPR3L
00BD   307F           00428                         movlw   d'127'
00BE   0026           00429                         banksel CCPR4L
Message[302]: Register in operand not in bank 0.  Ensure that bank bits are correct.
00BF   0098           00430                         movwf   CCPR4L
00C0   208F           00431                         call    delay
00C1   208F           00432                         call    delay
00C2   208F           00433                         call    delay
00C3   0026           00434                         banksel CCPR4L
Message[302]: Register in operand not in bank 0.  Ensure that bank bits are correct.
00C4   0198           00435                         clrf    CCPR4L
00C5   307F           00436                         movlw   d'127'
00C6   0025           00437                         banksel CCPR1L
Message[302]: Register in operand not in bank 0.  Ensure that bank bits are correct.
00C7   0091           00438                         movwf   CCPR1L
00C8   208F           00439                         call    delay
00C9   208F           00440                         call    delay
00CA   208F           00441                         call    delay
00CB   0025           00442                         banksel CCPR1L
Message[302]: Register in operand not in bank 0.  Ensure that bank bits are correct.
00CC   0191           00443                         clrf    CCPR1L
                      00444 
00CD   0008           00445                         RETURN
                      00446 
                      00447 
                      00448 
                      00449 
                      00450         END 
MPASM  5.37                        DMX_RX.ASM   1-14-2012  21:15:44         PAGE 11


SYMBOL TABLE
  LABEL                             VALUE 

ABDEN                             00000000
ABDOVF                            00000007
ACKDT                             00000005
ACKEN                             00000004
ACKSTAT                           00000006
ACKTIM                            00000007
ADCON0                            0000009D
ADCON1                            0000009E
ADCS0                             00000004
ADCS1                             00000005
ADCS2                             00000006
ADDEN                             00000003
ADFM                              00000007
ADFVR0                            00000000
ADFVR1                            00000001
ADGO                              00000001
ADIE                              00000006
ADIF                              00000006
ADNREF                            00000002
ADON                              00000000
ADPREF0                           00000000
ADPREF1                           00000001
ADRES                             0000009B
ADRESH                            0000009C
ADRESL                            0000009B
AHEN                              00000001
ANSA0                             00000000
ANSA1                             00000001
ANSA2                             00000002
ANSA3                             00000003
ANSA4                             00000004
ANSB1                             00000001
ANSB2                             00000002
ANSB3                             00000003
ANSB4                             00000004
ANSB5                             00000005
ANSB6                             00000006
ANSB7                             00000007
ANSELA                            0000018C
ANSELB                            0000018D
APFCON0                           0000011D
APFCON1                           0000011E
ApplyPWMB                         00000046
ApplyPWMG                         00000041
ApplyPWMR                         0000003C
ArrayP1                           0x20
ArrayP2                           0x00+.3
BAUDCON                           0000019F
BCL1IE                            00000003
BCL1IF                            00000003
BCL2IE                            00000001
BCL2IF                            00000001
BF                                00000000
MPASM  5.37                        DMX_RX.ASM   1-14-2012  21:15:44         PAGE 12


SYMBOL TABLE
  LABEL                             VALUE 

BOEN                              00000004
BORCON                            00000116
BORRDY                            00000000
BRG16                             00000003
BRGH                              00000002
BSR                               00000008
BSR0                              00000000
BSR1                              00000001
BSR2                              00000002
BSR3                              00000003
BSR4                              00000004
BSR_SHAD                          00000FE6
C                                 00000000
C1HYS                             00000001
C1IE                              00000005
C1IF                              00000005
C1INTN                            00000006
C1INTP                            00000007
C1NCH0                            00000000
C1NCH1                            00000001
C1OE                              00000005
C1ON                              00000007
C1OUT                             00000006
C1PCH0                            00000004
C1PCH1                            00000005
C1POL                             00000004
C1SP                              00000002
C1SYNC                            00000000
C1TSEL0                           00000000
C1TSEL1                           00000001
C2HYS                             00000001
C2IE                              00000006
C2IF                              00000006
C2INTN                            00000006
C2INTP                            00000007
C2NCH0                            00000000
C2NCH1                            00000001
C2OE                              00000005
C2ON                              00000007
C2OUT                             00000006
C2PCH0                            00000004
C2PCH1                            00000005
C2POL                             00000004
C2SP                              00000002
C2SYNC                            00000000
C2TSEL0                           00000002
C2TSEL1                           00000003
C3TSEL0                           00000004
C3TSEL1                           00000005
C4TSEL0                           00000006
C4TSEL1                           00000007
CCP1AS                            00000295
CCP1AS0                           00000004
MPASM  5.37                        DMX_RX.ASM   1-14-2012  21:15:44         PAGE 13


SYMBOL TABLE
  LABEL                             VALUE 

CCP1AS1                           00000005
CCP1AS2                           00000006
CCP1ASE                           00000007
CCP1CON                           00000293
CCP1IE                            00000002
CCP1IF                            00000002
CCP1M0                            00000000
CCP1M1                            00000001
CCP1M2                            00000002
CCP1M3                            00000003
CCP1SEL                           00000000
CCP2AS                            0000029C
CCP2AS0                           00000004
CCP2AS1                           00000005
CCP2AS2                           00000006
CCP2ASE                           00000007
CCP2CON                           0000029A
CCP2IE                            00000000
CCP2IF                            00000000
CCP2M0                            00000000
CCP2M1                            00000001
CCP2M2                            00000002
CCP2M3                            00000003
CCP2SEL                           00000003
CCP3CON                           00000313
CCP3IE                            00000004
CCP3IF                            00000004
CCP3M0                            00000000
CCP3M1                            00000001
CCP3M2                            00000002
CCP3M3                            00000003
CCP4CON                           0000031A
CCP4IE                            00000005
CCP4IF                            00000005
CCP4M0                            00000000
CCP4M1                            00000001
CCP4M2                            00000002
CCP4M3                            00000003
CCPR1H                            00000292
CCPR1L                            00000291
CCPR2H                            00000299
CCPR2L                            00000298
CCPR3H                            00000312
CCPR3L                            00000311
CCPR4H                            00000319
CCPR4L                            00000318
CCPTMRS                           0000029E
CCPTMRS0                          0000029E
CDAFVR0                           00000002
CDAFVR1                           00000003
CFGS                              00000006
CHANNEL                           .1
CHS0                              00000002
MPASM  5.37                        DMX_RX.ASM   1-14-2012  21:15:44         PAGE 14


SYMBOL TABLE
  LABEL                             VALUE 

CHS1                              00000003
CHS2                              00000004
CHS3                              00000005
CHS4                              00000006
CKE                               00000006
CKP                               00000004
CLKRCON                           0000039A
CLKRDC0                           00000003
CLKRDC1                           00000004
CLKRDIV0                          00000000
CLKRDIV1                          00000001
CLKRDIV2                          00000002
CLKREN                            00000007
CLKROE                            00000006
CLKRSLR                           00000005
CM1CON0                           00000111
CM1CON1                           00000112
CM2CON0                           00000113
CM2CON1                           00000114
CMOUT                             00000115
CPSCH0                            00000000
CPSCH1                            00000001
CPSCH2                            00000002
CPSCH3                            00000003
CPSCON0                           0000001E
CPSCON1                           0000001F
CPSON                             00000007
CPSOUT                            00000001
CPSRNG0                           00000002
CPSRNG1                           00000003
CREN                              00000004
CSRC                              00000007
C_SHAD                            00000000
Color                             00000026
ColorOSC                          00000025
CountH                            00000020
CountL                            00000021
CurRX                             00000027
DACCON0                           00000118
DACCON1                           00000119
DACEN                             00000007
DACLPS                            00000006
DACNSS                            00000000
DACOE                             00000005
DACPSS0                           00000002
DACPSS1                           00000003
DACR0                             00000000
DACR1                             00000001
DACR2                             00000002
DACR3                             00000003
DACR4                             00000004
DC                                00000001
DC1B0                             00000004
MPASM  5.37                        DMX_RX.ASM   1-14-2012  21:15:44         PAGE 15


SYMBOL TABLE
  LABEL                             VALUE 

DC1B1                             00000005
DC2B0                             00000004
DC2B1                             00000005
DC3B0                             00000004
DC3B1                             00000005
DC4B0                             00000004
DC4B1                             00000005
DC_SHAD                           00000001
DHEN                              00000000
D_NOT_A                           00000005
Delay_0                           00000096
DoneApply                         0000004A
ECCP1AS                           00000295
ECCP2AS                           0000029C
EEADR                             00000191
EEADRH                            00000192
EEADRL                            00000191
EECON1                            00000195
EECON2                            00000196
EEDAT                             00000193
EEDATH                            00000194
EEDATL                            00000193
EEIE                              00000004
EEIF                              00000004
EEPGD                             00000007
F                                 00000001
FERR                              00000002
FREE                              00000004
FSR0                              00000004
FSR0H                             00000005
FSR0H_SHAD                        00000FE9
FSR0L                             00000004
FSR0L_SHAD                        00000FE8
FSR1                              00000006
FSR1H                             00000007
FSR1H_SHAD                        00000FEB
FSR1L                             00000006
FSR1L_SHAD                        00000FEA
FVRCON                            00000117
FVREN                             00000007
FVRRDY                            00000006
GCEN                              00000007
GIE                               00000007
GO                                00000001
GO_NOT_DONE                       00000001
HFIOFL                            00000003
HFIOFR                            00000004
HFIOFS                            00000000
INDF0                             00000000
INDF1                             00000001
INTCON                            0000000B
INTE                              00000004
INTEDG                            00000006
MPASM  5.37                        DMX_RX.ASM   1-14-2012  21:15:44         PAGE 16


SYMBOL TABLE
  LABEL                             VALUE 

INTF                              00000001
IOCBF                             00000396
IOCBF0                            00000000
IOCBF1                            00000001
IOCBF2                            00000002
IOCBF3                            00000003
IOCBF4                            00000004
IOCBF5                            00000005
IOCBF6                            00000006
IOCBF7                            00000007
IOCBN                             00000395
IOCBN0                            00000000
IOCBN1                            00000001
IOCBN2                            00000002
IOCBN3                            00000003
IOCBN4                            00000004
IOCBN5                            00000005
IOCBN6                            00000006
IOCBN7                            00000007
IOCBP                             00000394
IOCBP0                            00000000
IOCBP1                            00000001
IOCBP2                            00000002
IOCBP3                            00000003
IOCBP4                            00000004
IOCBP5                            00000005
IOCBP6                            00000006
IOCBP7                            00000007
IOCIE                             00000003
IOCIF                             00000000
IRCF0                             00000003
IRCF1                             00000004
IRCF2                             00000005
IRCF3                             00000006
InitBlink                         0000009D
LATA                              0000010C
LATA0                             00000000
LATA1                             00000001
LATA2                             00000002
LATA3                             00000003
LATA4                             00000004
LATA6                             00000006
LATA7                             00000007
LATB                              0000010D
LATB0                             00000000
LATB1                             00000001
LATB2                             00000002
LATB3                             00000003
LATB4                             00000004
LATB5                             00000005
LATB6                             00000006
LATB7                             00000007
LFIOFR                            00000001
MPASM  5.37                        DMX_RX.ASM   1-14-2012  21:15:44         PAGE 17


SYMBOL TABLE
  LABEL                             VALUE 

LWLO                              00000005
MC1OUT                            00000000
MC2OUT                            00000001
MDBIT                             00000000
MDCARH                            0000039F
MDCARL                            0000039E
MDCH0                             00000000
MDCH1                             00000001
MDCH2                             00000002
MDCH3                             00000003
MDCHODIS                          00000007
MDCHPOL                           00000006
MDCHSYNC                          00000005
MDCL0                             00000000
MDCL1                             00000001
MDCL2                             00000002
MDCL3                             00000003
MDCLODIS                          00000007
MDCLPOL                           00000006
MDCLSYNC                          00000005
MDCON                             0000039C
MDEN                              00000007
MDMS0                             00000000
MDMS1                             00000001
MDMS2                             00000002
MDMS3                             00000003
MDMSODIS                          00000007
MDOE                              00000006
MDOPOL                            00000004
MDOUT                             00000003
MDSLR                             00000005
MDSRC                             0000039D
MFIOFR                            00000002
Main                              00000000
MainLoop                          00000001
NOT_BOR                           00000000
NOT_PD                            00000003
NOT_POR                           00000001
NOT_RI                            00000002
NOT_RMCLR                         00000003
NOT_T1SYNC                        00000002
NOT_TO                            00000004
NOT_WPUEN                         00000007
OERR                              00000001
OPTION_REG                        00000095
OSCCON                            00000099
OSCCONH                           0000009A
OSCCONL                           00000099
OSCSTAT                           0000009A
OSCTUNE                           00000098
OSFIE                             00000007
OSFIF                             00000007
OSTS                              00000005
MPASM  5.37                        DMX_RX.ASM   1-14-2012  21:15:44         PAGE 18


SYMBOL TABLE
  LABEL                             VALUE 

P                                 00000004
P1CSEL                            00000001
P1DC0                             00000000
P1DC1                             00000001
P1DC2                             00000002
P1DC3                             00000003
P1DC4                             00000004
P1DC5                             00000005
P1DC6                             00000006
P1DSEL                            00000002
P1M0                              00000006
P1M1                              00000007
P1RSEN                            00000007
P2BSEL                            00000004
P2DC0                             00000000
P2DC1                             00000001
P2DC2                             00000002
P2DC3                             00000003
P2DC4                             00000004
P2DC5                             00000005
P2DC6                             00000006
P2M0                              00000006
P2M1                              00000007
P2RSEN                            00000007
PCIE                              00000006
PCL                               00000002
PCLATH                            0000000A
PCLATH_SHAD                       00000FE7
PCON                              00000096
PEIE                              00000006
PEN                               00000002
PIE1                              00000091
PIE2                              00000092
PIE3                              00000093
PIE4                              00000094
PIR1                              00000011
PIR2                              00000012
PIR3                              00000013
PIR4                              00000014
PLLR                              00000006
PORTA                             0000000C
PORTB                             0000000D
PORT_Init                         00000059
PR2                               0000001B
PR4                               00000416
PR6                               0000041D
PS0                               00000000
PS1                               00000001
PS2                               00000002
PSA                               00000003
PSS1AC0                           00000002
PSS1AC1                           00000003
PSS1BD0                           00000000
MPASM  5.37                        DMX_RX.ASM   1-14-2012  21:15:44         PAGE 19


SYMBOL TABLE
  LABEL                             VALUE 

PSS1BD1                           00000001
PSS2AC0                           00000002
PSS2AC1                           00000003
PSS2BD0                           00000000
PSS2BD1                           00000001
PSTR1CON                          00000296
PSTR2CON                          0000029D
PWM1CON                           00000294
PWM2CON                           0000029B
PWMB                              00000024
PWMG                              00000023
PWMR                              00000022
RA0                               00000000
RA1                               00000001
RA2                               00000002
RA3                               00000003
RA4                               00000004
RA5                               00000005
RA6                               00000006
RA7                               00000007
RB0                               00000000
RB1                               00000001
RB2                               00000002
RB3                               00000003
RB4                               00000004
RB5                               00000005
RB6                               00000006
RB7                               00000007
RCEN                              00000003
RCIDL                             00000006
RCIE                              00000005
RCIF                              00000005
RCREG                             00000199
RCSTA                             0000019D
RD                                00000000
RSEN                              00000001
RX9                               00000006
RX9D                              00000000
RXDTSEL                           00000007
RXend                             00000051
R_NOT_W                           00000002
S                                 00000003
SBCDE                             00000002
SBOREN                            00000007
SCIE                              00000005
SCKP                              00000004
SCS0                              00000000
SCS1                              00000001
SDAHT                             00000003
SDO1SEL                           00000006
SEN                               00000000
SENDB                             00000003
SMP                               00000007
MPASM  5.37                        DMX_RX.ASM   1-14-2012  21:15:44         PAGE 20


SYMBOL TABLE
  LABEL                             VALUE 

SPBRG                             0000019B
SPBRGH                            0000019C
SPBRGL                            0000019B
SPEN                              00000007
SPLLEN                            00000007
SRCLK0                            00000004
SRCLK1                            00000005
SRCLK2                            00000006
SRCON0                            0000011A
SRCON1                            0000011B
SREN                              00000005
SRLEN                             00000007
SRNQEN                            00000002
SRPR                              00000000
SRPS                              00000001
SRQEN                             00000003
SRRC1E                            00000000
SRRC2E                            00000001
SRRCKE                            00000002
SRRPE                             00000003
SRSC1E                            00000004
SRSC2E                            00000005
SRSCKE                            00000006
SRSPE                             00000007
SS1SEL                            00000005
SSP1ADD                           00000212
SSP1BUF                           00000211
SSP1CON1                          00000215
SSP1CON2                          00000216
SSP1CON3                          00000217
SSP1IE                            00000003
SSP1IF                            00000003
SSP1MSK                           00000213
SSP1STAT                          00000214
SSP2ADD                           0000021A
SSP2BUF                           00000219
SSP2CON1                          0000021D
SSP2CON2                          0000021E
SSP2CON3                          0000021F
SSP2IE                            00000000
SSP2IF                            00000000
SSP2MSK                           0000021B
SSP2STAT                          0000021C
SSPADD                            00000212
SSPBUF                            00000211
SSPCON                            00000215
SSPCON1                           00000215
SSPCON2                           00000216
SSPCON3                           00000217
SSPEN                             00000005
SSPM0                             00000000
SSPM1                             00000001
SSPM2                             00000002
MPASM  5.37                        DMX_RX.ASM   1-14-2012  21:15:44         PAGE 21


SYMBOL TABLE
  LABEL                             VALUE 

SSPM3                             00000003
SSPMSK                            00000213
SSPOV                             00000006
SSPSTAT                           00000214
STATUS                            00000003
STATUS_SHAD                       00000FE4
STKOVF                            00000007
STKPTR                            00000FED
STKUNF                            00000006
STR1A                             00000000
STR1B                             00000001
STR1C                             00000002
STR1D                             00000003
STR1SYNC                          00000004
STR2A                             00000000
STR2B                             00000001
STR2C                             00000002
STR2D                             00000003
STR2SYNC                          00000004
SWDTEN                            00000000
SYNC                              00000004
SetupSerial                       00000052
SkipTX                            00000007
T0CS                              00000005
T0IE                              00000005
T0IF                              00000002
T0SE                              00000004
T0XCS                             00000000
T1CKPS0                           00000004
T1CKPS1                           00000005
T1CON                             00000018
T1GCON                            00000019
T1GGO                             00000003
T1GPOL                            00000006
T1GSPM                            00000004
T1GSS0                            00000000
T1GSS1                            00000001
T1GTM                             00000005
T1GVAL                            00000002
T1OSCEN                           00000003
T1OSCR                            00000007
T2CKPS0                           00000000
T2CKPS1                           00000001
T2CON                             0000001C
T2OUTPS0                          00000003
T2OUTPS1                          00000004
T2OUTPS2                          00000005
T2OUTPS3                          00000006
T4CKPS0                           00000000
T4CKPS1                           00000001
T4CON                             00000417
T4Init                            00000087
T4OUTPS0                          00000003
MPASM  5.37                        DMX_RX.ASM   1-14-2012  21:15:44         PAGE 22


SYMBOL TABLE
  LABEL                             VALUE 

T4OUTPS1                          00000004
T4OUTPS2                          00000005
T4OUTPS3                          00000006
T6CKPS0                           00000000
T6CKPS1                           00000001
T6CON                             0000041E
T6OUTPS0                          00000003
T6OUTPS1                          00000004
T6OUTPS2                          00000005
T6OUTPS3                          00000006
TMR0                              00000015
TMR0CS                            00000005
TMR0IE                            00000005
TMR0IF                            00000002
TMR0SE                            00000004
TMR1                              00000016
TMR1CS0                           00000006
TMR1CS1                           00000007
TMR1GE                            00000007
TMR1GIE                           00000007
TMR1GIF                           00000007
TMR1H                             00000017
TMR1IE                            00000000
TMR1IF                            00000000
TMR1L                             00000016
TMR1ON                            00000000
TMR2                              0000001A
TMR2IE                            00000001
TMR2IF                            00000001
TMR2ON                            00000002
TMR4                              00000415
TMR4IE                            00000001
TMR4IF                            00000001
TMR4ON                            00000002
TMR6                              0000041C
TMR6IE                            00000003
TMR6IF                            00000003
TMR6ON                            00000002
TOSH                              00000FEF
TOSL                              00000FEE
TRISA                             0000008C
TRISA0                            00000000
TRISA1                            00000001
TRISA2                            00000002
TRISA3                            00000003
TRISA4                            00000004
TRISA5                            00000005
TRISA6                            00000006
TRISA7                            00000007
TRISB                             0000008D
TRISB0                            00000000
TRISB1                            00000001
TRISB2                            00000002
MPASM  5.37                        DMX_RX.ASM   1-14-2012  21:15:44         PAGE 23


SYMBOL TABLE
  LABEL                             VALUE 

TRISB3                            00000003
TRISB4                            00000004
TRISB5                            00000005
TRISB6                            00000006
TRISB7                            00000007
TRMT                              00000001
TUN0                              00000000
TUN1                              00000001
TUN2                              00000002
TUN3                              00000003
TUN4                              00000004
TUN5                              00000005
TX9                               00000006
TX9D                              00000000
TXCKSEL                           00000000
TXEN                              00000005
TXIE                              00000004
TXIF                              00000004
TXREG                             0000019A
TXSTA                             0000019E
UA                                00000001
UART_Init                         00000065
W                                 00000000
WBDisc                            0000000A
WBElse                            00000012
WCOL                              00000007
WDTCON                            00000097
WDTPS0                            00000001
WDTPS1                            00000002
WDTPS2                            00000003
WDTPS3                            00000004
WDTPS4                            00000005
WPUA                              0000020C
WPUA5                             00000005
WPUB                              0000020D
WPUB0                             00000000
WPUB1                             00000001
WPUB2                             00000002
WPUB3                             00000003
WPUB4                             00000004
WPUB5                             00000005
WPUB6                             00000006
WPUB7                             00000007
WR                                00000001
WREG                              00000009
WREG_SHAD                         00000FE5
WREN                              00000002
WRERR                             00000003
WUE                               00000001
WaitBreak                         00000001
WaitForData                       00000023
WaitForStart                      00000016
Z                                 00000002
MPASM  5.37                        DMX_RX.ASM   1-14-2012  21:15:44         PAGE 24


SYMBOL TABLE
  LABEL                             VALUE 

Z_SHAD                            00000002
_BOREN_NSLEEP                     0000FDFF
_BOREN_OFF                        0000F9FF
_BOREN_ON                         0000FFFF
_BOREN_SBODEN                     0000FBFF
_BORV_19                          0000FFFF
_BORV_25                          0000FBFF
_CLKOUTEN_OFF                     0000FFFF
_CLKOUTEN_ON                      0000F7FF
_CONFIG1                          00008007
_CONFIG2                          00008008
_CPD_OFF                          0000FFFF
_CPD_ON                           0000FEFF
_CP_OFF                           0000FFFF
_CP_ON                            0000FF7F
_DEVID1                           00008006
_FCMEN_OFF                        0000DFFF
_FCMEN_ON                         0000FFFF
_FOSC_ECH                         0000FFFF
_FOSC_ECL                         0000FFFD
_FOSC_ECM                         0000FFFE
_FOSC_EXTRC                       0000FFFB
_FOSC_HS                          0000FFFA
_FOSC_INTOSC                      0000FFFC
_FOSC_LP                          0000FFF8
_FOSC_XT                          0000FFF9
_IDLOC0                           00008000
_IDLOC1                           00008001
_IDLOC2                           00008002
_IDLOC3                           00008003
_IESO_OFF                         0000EFFF
_IESO_ON                          0000FFFF
_LVP_OFF                          0000DFFF
_LVP_ON                           0000FFFF
_MCLRE_OFF                        0000FFBF
_MCLRE_ON                         0000FFFF
_PLLEN_OFF                        0000FEFF
_PLLEN_ON                         0000FFFF
_PWRTE_OFF                        0000FFFF
_PWRTE_ON                         0000FFDF
_STVREN_OFF                       0000FDFF
_STVREN_ON                        0000FFFF
_WDTE_NSLEEP                      0000FFF7
_WDTE_OFF                         0000FFE7
_WDTE_ON                          0000FFFF
_WDTE_SWDTEN                      0000FFEF
_WRT_ALL                          0000FFFC
_WRT_BOOT                         0000FFFE
_WRT_HALF                         0000FFFD
_WRT_OFF                          0000FFFF
__16F1827                         00000001
__DEBUG                           1
__MPLAB_DEBUGGER_PK3              1
MPASM  5.37                        DMX_RX.ASM   1-14-2012  21:15:44         PAGE 25


SYMBOL TABLE
  LABEL                             VALUE 

count1                            0000002A
counta                            00000028
countb                            00000029
d1                                00000092
delay                             0000008F


MEMORY USAGE MAP ('X' = Used,  '-' = Unused)

0000 : XXXXXXXXXXXXXXXX XXXXXXXXXXXXXXXX XXXXXXXXXXXXXXXX XXXXXXXXXXXXXXXX
0040 : XXXXXXXXXXXXXXXX XXXXXXXXXXXXXXXX XXXXXXXXXXXXXXXX XXXXXXXXXXXXXXXX
0080 : XXXXXXXXXXXXXXXX XXXXXXXXXXXXXXXX XXXXXXXXXXXXXXXX XXXXXXXXXXXXXXXX
00C0 : XXXXXXXXXXXXXX-- ---------------- ---------------- ----------------
8000 : -------XX------- ---------------- ---------------- ----------------

All other memory blocks unused.

Program Memory Words Used:   208
Program Memory Words Free:  3888


Errors   :     0
Warnings :     0 reported,     0 suppressed
Messages :    56 reported,     0 suppressed

